c:\users\andre\documents\visual studio 2013\projects\assignment3\assignment3\debug\vc120.pdb
c:\users\andre\documents\visual studio 2013\projects\assignment3\assignment3\debug\vc120.idb
c:\users\andre\documents\visual studio 2013\projects\assignment3\assignment3\debug\character.obj
c:\users\andre\documents\visual studio 2013\projects\assignment3\assignment3\debug\main.obj
c:\users\andre\documents\visual studio 2013\projects\assignment3\assignment3\debug\monster.obj
c:\users\andre\documents\visual studio 2013\projects\assignment3\assignment3\debug\player.obj
c:\users\andre\documents\visual studio 2013\projects\assignment3\assignment3\debug\boss.obj
e:\git\fit1048_monsterevolution\assignment3\debug\vc120.pdb
e:\git\fit1048_monsterevolution\assignment3\debug\vc120.idb
e:\git\fit1048_monsterevolution\assignment3\debug\character.obj
e:\git\fit1048_monsterevolution\assignment3\debug\main.obj
e:\git\fit1048_monsterevolution\assignment3\debug\monster.obj
e:\git\fit1048_monsterevolution\assignment3\debug\player.obj
e:\git\fit1048_monsterevolution\assignment3\debug\boss.obj
c:\users\andre\documents\visual studio 2013\projects\assignment3\debug\assignment3.ilk
c:\users\andre\documents\visual studio 2013\projects\assignment3\debug\assignment3.exe
c:\users\andre\documents\visual studio 2013\projects\assignment3\debug\assignment3.pdb
e:\git\fit1048_monsterevolution\debug\assignment3.pdb
e:\git\fit1048_monsterevolution\assignment3\debug\assignment3.tlog\cl.read.1.tlog
e:\git\fit1048_monsterevolution\assignment3\debug\assignment3.tlog\cl.write.1.tlog
e:\git\fit1048_monsterevolution\assignment3\debug\assignment3.tlog\cl.command.1.tlog
e:\git\fit1048_monsterevolution\assignment3\debug\assignment3.tlog\link.command.1.tlog
e:\git\fit1048_monsterevolution\assignment3\debug\assignment3.tlog\link.read.1.tlog
e:\git\fit1048_monsterevolution\assignment3\debug\assignment3.tlog\link.write.1.tlog
e:\git\fit1048_monsterevolution\assignment3\debug\assignment3.tlog\link-rc.read.1.tlog
e:\git\fit1048_monsterevolution\assignment3\debug\assignment3.tlog\link-rc.write.1.tlog
e:\git\fit1048_monsterevolution\assignment3\debug\assignment3.tlog\link-cvtres.read.1.tlog
e:\git\fit1048_monsterevolution\assignment3\debug\assignment3.tlog\link-cvtres.write.1.tlog
